<?xml version="1.0" encoding="UTF-8"?>
<!-- Generated by org.testng.reporters.JUnitReportReporter -->
<testsuite hostname="MAC" failures="0" tests="5" name="com.koinpro.testCases.ForgetPasswordTest" time="33.234" errors="0" timestamp="2023-03-16T18:39:12 IST" skipped="0">
  <testcase classname="com.koinpro.testCases.ForgetPasswordTest" name="ForgetPassword_Test002_Timecheck" time="5.438"/>
  <system-out/>
  <testcase classname="com.koinpro.testCases.ForgetPasswordTest" name="ForgetPassword_Test001" time="8.497"/>
  <system-out/>
  <testcase classname="com.koinpro.testCases.ForgetPasswordTest" name="ForgetPassword_Test004_invalid_Email_Format" time="7.356"/>
  <system-out/>
  <testcase classname="com.koinpro.testCases.ForgetPasswordTest" name="ForgetPassword_Test003_NoUser" time="5.328"/>
  <system-out/>
  <testcase classname="com.koinpro.testCases.ForgetPasswordTest" name="ForgetPassword_Test005_ResendLink" time="6.615"/>
  <system-out/>
</testsuite> <!-- com.koinpro.testCases.ForgetPasswordTest -->
