<?xml version="1.0" encoding="UTF-8"?>
<!-- Generated by org.testng.reporters.JUnitReportReporter -->
<testsuite hostname="MAC" failures="0" tests="7" name="com.koinpro.testCases.LoginTest" time="40.627" errors="0" timestamp="2023-03-13T16:57:42 IST" skipped="0">
  <testcase classname="com.koinpro.testCases.LoginTest" name="TC_LoginTest_007" time="5.316"/>
  <system-out/>
  <testcase classname="com.koinpro.testCases.LoginTest" name="TC_LoginTest_005" time="6.237"/>
  <system-out/>
  <testcase classname="com.koinpro.testCases.LoginTest" name="TC_LoginTest_001" time="6.733"/>
  <system-out/>
  <testcase classname="com.koinpro.testCases.LoginTest" name="TC_LoginTest_006" time="5.260"/>
  <system-out/>
  <testcase classname="com.koinpro.testCases.LoginTest" name="TC_LoginTest_004" time="5.335"/>
  <system-out/>
  <testcase classname="com.koinpro.testCases.LoginTest" name="TC_LoginTest_002" time="5.253"/>
  <system-out/>
  <testcase classname="com.koinpro.testCases.LoginTest" name="TC_LoginTest_003" time="6.493"/>
  <system-out/>
</testsuite> <!-- com.koinpro.testCases.LoginTest -->
