<?xml version="1.0" encoding="UTF-8"?>
<!-- Generated by org.testng.reporters.JUnitReportReporter -->
<testsuite hostname="MAC" failures="0" tests="7" name="com.koinpro.testCases.LoginTest" time="24.462" errors="0" timestamp="2023-03-15T15:49:21 IST" skipped="5">
  <testcase classname="com.koinpro.testCases.LoginTest" name="TC_LoginTest_002" time="9.281"/>
  <system-out/>
  <testcase classname="com.koinpro.testCases.LoginTest" name="TC_LoginTest_001" time="15.181"/>
  <system-out/>
  <testcase classname="com.koinpro.testCases.LoginTest" name="TC_LoginTest_003">
    <skipped/>
  </testcase> <!-- TC_LoginTest_003 -->
  <system-out/>
  <testcase classname="com.koinpro.testCases.LoginTest" name="TC_LoginTest_004">
    <skipped/>
  </testcase> <!-- TC_LoginTest_004 -->
  <system-out/>
  <testcase classname="com.koinpro.testCases.LoginTest" name="TC_LoginTest_005">
    <skipped/>
  </testcase> <!-- TC_LoginTest_005 -->
  <system-out/>
  <testcase classname="com.koinpro.testCases.LoginTest" name="TC_LoginTest_006">
    <skipped/>
  </testcase> <!-- TC_LoginTest_006 -->
  <system-out/>
  <testcase classname="com.koinpro.testCases.LoginTest" name="TC_LoginTest_007">
    <skipped/>
  </testcase> <!-- TC_LoginTest_007 -->
  <system-out/>
</testsuite> <!-- com.koinpro.testCases.LoginTest -->
